{
  "RSpec": {
    "coverage": {
      "/Users/lewismoore/Desktop/Projects/MakersAcademy/Projects/Week_2/oyster-rt/spec/journey_log_spec.rb": [
        1,
        null,
        1,
        8,
        4,
        10,
        10,
        null,
        10,
        null,
        1,
        1,
        1,
        null,
        null,
        null,
        1,
        1,
        1,
        null,
        null,
        1,
        1,
        1,
        1,
        null,
        null,
        null,
        1,
        1,
        1,
        1,
        null,
        null,
        1,
        3,
        3,
        3,
        null,
        null,
        1,
        1,
        null,
        null,
        1,
        1,
        null,
        null,
        null,
        1,
        1,
        1,
        null,
        null,
        1,
        1,
        1,
        null,
        null,
        null,
        1,
        1,
        1,
        1,
        1,
        null,
        null,
        null,
        null
      ],
      "/Users/lewismoore/Desktop/Projects/MakersAcademy/Projects/Week_2/oyster-rt/lib/journey_log.rb": [
        1,
        null,
        1,
        1,
        null,
        1,
        9,
        9,
        null,
        null,
        1,
        8,
        8,
        null,
        null,
        1,
        3,
        3,
        3,
        3,
        null,
        null,
        1,
        4,
        null,
        null,
        1,
        2,
        null,
        null,
        1,
        1,
        1,
        null,
        null,
        null,
        1,
        null,
        1,
        3,
        null,
        null,
        1,
        11,
        null,
        null,
        1,
        3,
        null,
        null,
        null
      ],
      "/Users/lewismoore/Desktop/Projects/MakersAcademy/Projects/Week_2/oyster-rt/lib/journey.rb": [
        1,
        null,
        1,
        1,
        1,
        1,
        null,
        1,
        null,
        1,
        10,
        10,
        null,
        null,
        1,
        4,
        3,
        null,
        null,
        1,
        6,
        6,
        null,
        null,
        1,
        6,
        null,
        null,
        1,
        1,
        3,
        null,
        null,
        null,
        null
      ],
      "/Users/lewismoore/Desktop/Projects/MakersAcademy/Projects/Week_2/oyster-rt/lib/station.rb": [
        1,
        null,
        1,
        1,
        1,
        2,
        2,
        null,
        null
      ],
      "/Users/lewismoore/Desktop/Projects/MakersAcademy/Projects/Week_2/oyster-rt/spec/journey_spec.rb": [
        1,
        null,
        1,
        11,
        7,
        11,
        null,
        null,
        null,
        1,
        1,
        null,
        null,
        1,
        1,
        null,
        null,
        1,
        1,
        1,
        null,
        null,
        1,
        1,
        1,
        null,
        null,
        null,
        null,
        1,
        1,
        1,
        1,
        null,
        null,
        1,
        1,
        null,
        null,
        null,
        null,
        1,
        1,
        1,
        1,
        null,
        null,
        1,
        1,
        1,
        1,
        null,
        null,
        1,
        1,
        1,
        1,
        1,
        null,
        null,
        1,
        1,
        null,
        null,
        null
      ],
      "/Users/lewismoore/Desktop/Projects/MakersAcademy/Projects/Week_2/oyster-rt/spec/oystercard_spec.rb": [
        1,
        null,
        1,
        null,
        4,
        2,
        8,
        8,
        8,
        null,
        5,
        null,
        1,
        1,
        1,
        null,
        null,
        null,
        1,
        1,
        4,
        null,
        null,
        1,
        1,
        1,
        2,
        null,
        null,
        null,
        1,
        null,
        null,
        1,
        2,
        null,
        null,
        1,
        1,
        1,
        1,
        4,
        null,
        null,
        1,
        1,
        1,
        1,
        null,
        null,
        null,
        null,
        1,
        1,
        1,
        1,
        null,
        null,
        1,
        4,
        null,
        null,
        null,
        null,
        null
      ],
      "/Users/lewismoore/Desktop/Projects/MakersAcademy/Projects/Week_2/oyster-rt/lib/oystercard.rb": [
        1,
        null,
        1,
        1,
        null,
        1,
        1,
        null,
        1,
        8,
        8,
        null,
        null,
        1,
        2,
        1,
        null,
        null,
        1,
        4,
        3,
        3,
        null,
        null,
        1,
        1,
        1,
        null,
        null,
        1,
        null,
        1,
        3,
        null,
        null,
        1,
        4,
        null,
        null,
        1,
        2,
        null,
        null,
        null,
        null
      ],
      "/Users/lewismoore/Desktop/Projects/MakersAcademy/Projects/Week_2/oyster-rt/spec/station_spec.rb": [
        1,
        null,
        1,
        3,
        null,
        1,
        1,
        null,
        null,
        1,
        1,
        null,
        null
      ]
    },
    "timestamp": 1515772795
  }
}
